0 info it worked if it ends with ok
1 verbose cli [ 'node', '/usr/local/bin/npm', 'install', 'uglifyjs', '-g' ]
2 info using npm@1.2.17
3 info using node@v0.10.3
4 verbose read json /usr/local/lib/package.json
5 verbose read json /usr/local/lib/package.json
6 verbose cache add [ 'uglifyjs', null ]
7 verbose cache add name=undefined spec="uglifyjs" args=["uglifyjs",null]
8 verbose parsed url { protocol: null,
8 verbose parsed url   slashes: null,
8 verbose parsed url   auth: null,
8 verbose parsed url   host: null,
8 verbose parsed url   port: null,
8 verbose parsed url   hostname: null,
8 verbose parsed url   hash: null,
8 verbose parsed url   search: null,
8 verbose parsed url   query: null,
8 verbose parsed url   pathname: 'uglifyjs',
8 verbose parsed url   path: 'uglifyjs',
8 verbose parsed url   href: 'uglifyjs' }
9 silly lockFile d5e21dcb-uglifyjs uglifyjs
10 verbose lock uglifyjs /Users/quangrau/.npm/d5e21dcb-uglifyjs.lock
11 silly lockFile d5e21dcb-uglifyjs uglifyjs
12 silly lockFile d5e21dcb-uglifyjs uglifyjs
13 verbose addNamed [ 'uglifyjs', '' ]
14 verbose addNamed [ null, '' ]
15 silly lockFile 34c129b9-uglifyjs uglifyjs@
16 verbose lock uglifyjs@ /Users/quangrau/.npm/34c129b9-uglifyjs.lock
17 silly addNameRange { name: 'uglifyjs', range: '', hasData: false }
18 verbose url raw uglifyjs
19 verbose url resolving [ 'https://registry.npmjs.org/', './uglifyjs' ]
20 verbose url resolved https://registry.npmjs.org/uglifyjs
21 info trying registry request attempt 1 at 01:46:57
22 http GET https://registry.npmjs.org/uglifyjs
23 http 404 https://registry.npmjs.org/uglifyjs
24 silly registry.get cb [ 404,
24 silly registry.get   { server: 'CouchDB/1.3.0 (Erlang OTP/R15B03)',
24 silly registry.get     date: 'Wed, 26 Jun 2013 18:47:00 GMT',
24 silly registry.get     'content-type': 'application/json',
24 silly registry.get     'content-length': '52',
24 silly registry.get     'cache-control': 'must-revalidate' } ]
25 silly lockFile 34c129b9-uglifyjs uglifyjs@
26 silly lockFile 34c129b9-uglifyjs uglifyjs@
27 error 404 'uglifyjs' is not in the npm registry.
27 error 404 You should bug the author to publish it
27 error 404
27 error 404 Note that you can also install from a
27 error 404 tarball, folder, or http url, or git url.
28 error System Darwin 12.4.0
29 error command "node" "/usr/local/bin/npm" "install" "uglifyjs" "-g"
30 error cwd /Users/quangrau/Dropbox/projects/vnbidding.github.io
31 error node -v v0.10.3
32 error npm -v 1.2.17
33 error code E404
34 verbose exit [ 1, true ]
